09-Jul-2024 08:46:37.320 INFO [main] org.apache.catalina.startup.VersionLoggerListener.log 서버 버전 이름:    Apache Tomcat/10.1.25
09-Jul-2024 08:46:37.344 INFO [main] org.apache.catalina.startup.VersionLoggerListener.log Server 빌드 시각:  Jun 14 2024 19:31:59 UTC
09-Jul-2024 08:46:37.345 INFO [main] org.apache.catalina.startup.VersionLoggerListener.log Server 버전 번호:  10.1.25.0
09-Jul-2024 08:46:37.345 INFO [main] org.apache.catalina.startup.VersionLoggerListener.log 운영체제 이름:     Windows 10
09-Jul-2024 08:46:37.346 INFO [main] org.apache.catalina.startup.VersionLoggerListener.log 운영체제 버전:     10.0
09-Jul-2024 08:46:37.347 INFO [main] org.apache.catalina.startup.VersionLoggerListener.log 아키텍처:          amd64
09-Jul-2024 08:46:37.347 INFO [main] org.apache.catalina.startup.VersionLoggerListener.log 자바 홈:           C:\Users\user\.jdks\graalvm-ce-17
09-Jul-2024 08:46:37.348 INFO [main] org.apache.catalina.startup.VersionLoggerListener.log JVM 버전:          17.0.6+10-jvmci-22.3-b13
09-Jul-2024 08:46:37.348 INFO [main] org.apache.catalina.startup.VersionLoggerListener.log JVM 벤더:          GraalVM Community
09-Jul-2024 08:46:37.349 INFO [main] org.apache.catalina.startup.VersionLoggerListener.log CATALINA_BASE:     C:\Study\Spring\Spring9-SpringBoot\tool\apache-tomcat-10.1.25
09-Jul-2024 08:46:37.349 INFO [main] org.apache.catalina.startup.VersionLoggerListener.log CATALINA_HOME:     C:\Study\Spring\Spring9-SpringBoot\tool\apache-tomcat-10.1.25
09-Jul-2024 08:46:37.381 INFO [main] org.apache.catalina.startup.VersionLoggerListener.log 명령 행 아규먼트:  -XX:ThreadPriorityPolicy=1
09-Jul-2024 08:46:37.381 INFO [main] org.apache.catalina.startup.VersionLoggerListener.log 명령 행 아규먼트:  -XX:+UnlockExperimentalVMOptions
09-Jul-2024 08:46:37.383 INFO [main] org.apache.catalina.startup.VersionLoggerListener.log 명령 행 아규먼트:  -XX:+EnableJVMCIProduct
09-Jul-2024 08:46:37.385 INFO [main] org.apache.catalina.startup.VersionLoggerListener.log 명령 행 아규먼트:  -XX:JVMCIThreadsPerNativeLibraryRuntime=1
09-Jul-2024 08:46:37.395 INFO [main] org.apache.catalina.startup.VersionLoggerListener.log 명령 행 아규먼트:  -XX:-UnlockExperimentalVMOptions
09-Jul-2024 08:46:37.397 INFO [main] org.apache.catalina.startup.VersionLoggerListener.log 명령 행 아규먼트:  -Djava.util.logging.config.file=C:\Study\Spring\Spring9-SpringBoot\tool\apache-tomcat-10.1.25\conf\logging.properties
09-Jul-2024 08:46:37.399 INFO [main] org.apache.catalina.startup.VersionLoggerListener.log 명령 행 아규먼트:  -Djava.util.logging.manager=org.apache.juli.ClassLoaderLogManager
09-Jul-2024 08:46:37.400 INFO [main] org.apache.catalina.startup.VersionLoggerListener.log 명령 행 아규먼트:  -Djdk.tls.ephemeralDHKeySize=2048
09-Jul-2024 08:46:37.404 INFO [main] org.apache.catalina.startup.VersionLoggerListener.log 명령 행 아규먼트:  -Djava.protocol.handler.pkgs=org.apache.catalina.webresources
09-Jul-2024 08:46:37.406 INFO [main] org.apache.catalina.startup.VersionLoggerListener.log 명령 행 아규먼트:  --add-opens=java.base/java.lang=ALL-UNNAMED
09-Jul-2024 08:46:37.407 INFO [main] org.apache.catalina.startup.VersionLoggerListener.log 명령 행 아규먼트:  --add-opens=java.base/java.io=ALL-UNNAMED
09-Jul-2024 08:46:37.409 INFO [main] org.apache.catalina.startup.VersionLoggerListener.log 명령 행 아규먼트:  --add-opens=java.base/java.util=ALL-UNNAMED
09-Jul-2024 08:46:37.411 INFO [main] org.apache.catalina.startup.VersionLoggerListener.log 명령 행 아규먼트:  --add-opens=java.base/java.util.concurrent=ALL-UNNAMED
09-Jul-2024 08:46:37.413 INFO [main] org.apache.catalina.startup.VersionLoggerListener.log 명령 행 아규먼트:  --add-opens=java.rmi/sun.rmi.transport=ALL-UNNAMED
09-Jul-2024 08:46:37.414 INFO [main] org.apache.catalina.startup.VersionLoggerListener.log 명령 행 아규먼트:  -Dcatalina.base=C:\Study\Spring\Spring9-SpringBoot\tool\apache-tomcat-10.1.25
09-Jul-2024 08:46:37.416 INFO [main] org.apache.catalina.startup.VersionLoggerListener.log 명령 행 아규먼트:  -Dcatalina.home=C:\Study\Spring\Spring9-SpringBoot\tool\apache-tomcat-10.1.25
09-Jul-2024 08:46:37.424 INFO [main] org.apache.catalina.startup.VersionLoggerListener.log 명령 행 아규먼트:  -Djava.io.tmpdir=C:\Study\Spring\Spring9-SpringBoot\tool\apache-tomcat-10.1.25\temp
09-Jul-2024 08:46:37.464 INFO [main] org.apache.catalina.core.AprLifecycleListener.lifecycleEvent APR 버전 [1.7.4]을(를) 사용한, APR 기반 Apache Tomcat Native 라이브러리 [2.0.7]을(를) 로드했습니다.
09-Jul-2024 08:46:37.512 INFO [main] org.apache.catalina.core.AprLifecycleListener.initializeSSL OpenSSL이 성공적으로 초기화되었습니다: [OpenSSL 3.0.13 30 Jan 2024]
09-Jul-2024 08:46:38.042 INFO [main] org.apache.coyote.AbstractProtocol.init 프로토콜 핸들러 ["http-nio-8080"]을(를) 초기화합니다.
09-Jul-2024 08:46:38.102 INFO [main] org.apache.catalina.startup.Catalina.load [1296] 밀리초 내에 서버가 초기화되었습니다.
09-Jul-2024 08:46:38.216 INFO [main] org.apache.catalina.core.StandardService.startInternal 서비스 [Catalina]을(를) 시작합니다.
09-Jul-2024 08:46:38.223 INFO [main] org.apache.catalina.core.StandardEngine.startInternal 서버 엔진을 시작합니다: [Apache Tomcat/10.1.25]
09-Jul-2024 08:46:38.251 INFO [main] org.apache.catalina.startup.HostConfig.deployDirectory 웹 애플리케이션 디렉토리 [C:\Study\Spring\Spring9-SpringBoot\tool\apache-tomcat-10.1.25\webapps\docs]을(를) 배치합니다.
09-Jul-2024 08:46:38.962 WARNING [main] org.apache.catalina.util.SessionIdGeneratorBase.createSecureRandom [SHA1PRNG] 알고리즘을 사용하여, 세션 ID를 생성하기 위한 SecureRandom 객체를 생성하는데, [106] 밀리초가 소요됐습니다.
09-Jul-2024 08:46:39.041 INFO [main] org.apache.catalina.startup.HostConfig.deployDirectory 웹 애플리케이션 디렉토리 [C:\Study\Spring\Spring9-SpringBoot\tool\apache-tomcat-10.1.25\webapps\docs]에 대한 배치가 [790] 밀리초에 완료되었습니다.
09-Jul-2024 08:46:39.046 INFO [main] org.apache.catalina.startup.HostConfig.deployDirectory 웹 애플리케이션 디렉토리 [C:\Study\Spring\Spring9-SpringBoot\tool\apache-tomcat-10.1.25\webapps\examples]을(를) 배치합니다.
09-Jul-2024 08:46:40.181 INFO [main] org.apache.catalina.startup.HostConfig.deployDirectory 웹 애플리케이션 디렉토리 [C:\Study\Spring\Spring9-SpringBoot\tool\apache-tomcat-10.1.25\webapps\examples]에 대한 배치가 [1,134] 밀리초에 완료되었습니다.
09-Jul-2024 08:46:40.184 INFO [main] org.apache.catalina.startup.HostConfig.deployDirectory 웹 애플리케이션 디렉토리 [C:\Study\Spring\Spring9-SpringBoot\tool\apache-tomcat-10.1.25\webapps\host-manager]을(를) 배치합니다.
09-Jul-2024 08:46:40.281 INFO [main] org.apache.catalina.startup.HostConfig.deployDirectory 웹 애플리케이션 디렉토리 [C:\Study\Spring\Spring9-SpringBoot\tool\apache-tomcat-10.1.25\webapps\host-manager]에 대한 배치가 [96] 밀리초에 완료되었습니다.
09-Jul-2024 08:46:40.286 INFO [main] org.apache.catalina.startup.HostConfig.deployDirectory 웹 애플리케이션 디렉토리 [C:\Study\Spring\Spring9-SpringBoot\tool\apache-tomcat-10.1.25\webapps\manager]을(를) 배치합니다.
09-Jul-2024 08:46:40.377 INFO [main] org.apache.catalina.startup.HostConfig.deployDirectory 웹 애플리케이션 디렉토리 [C:\Study\Spring\Spring9-SpringBoot\tool\apache-tomcat-10.1.25\webapps\manager]에 대한 배치가 [90] 밀리초에 완료되었습니다.
09-Jul-2024 08:46:40.385 INFO [main] org.apache.catalina.startup.HostConfig.deployDirectory 웹 애플리케이션 디렉토리 [C:\Study\Spring\Spring9-SpringBoot\tool\apache-tomcat-10.1.25\webapps\ROOT]을(를) 배치합니다.
09-Jul-2024 08:46:40.446 INFO [main] org.apache.catalina.startup.HostConfig.deployDirectory 웹 애플리케이션 디렉토리 [C:\Study\Spring\Spring9-SpringBoot\tool\apache-tomcat-10.1.25\webapps\ROOT]에 대한 배치가 [60] 밀리초에 완료되었습니다.
09-Jul-2024 08:46:40.460 INFO [main] org.apache.coyote.AbstractProtocol.start 프로토콜 핸들러 ["http-nio-8080"]을(를) 시작합니다.
09-Jul-2024 08:46:40.601 INFO [main] org.apache.catalina.startup.Catalina.start 서버가 [2494] 밀리초 내에 시작되었습니다.
09-Jul-2024 08:50:27.526 INFO [main] org.apache.catalina.core.StandardServer.await 셧다운 포트를 통해 유효한 셧다운 명령을 받았습니다. 서버 인스턴스를 중지시킵니다.
09-Jul-2024 09:22:42.851 INFO [main] org.apache.catalina.startup.VersionLoggerListener.log 서버 버전 이름:    Apache Tomcat/10.1.25
09-Jul-2024 09:22:42.865 INFO [main] org.apache.catalina.startup.VersionLoggerListener.log Server 빌드 시각:  Jun 14 2024 19:31:59 UTC
09-Jul-2024 09:22:42.869 INFO [main] org.apache.catalina.startup.VersionLoggerListener.log Server 버전 번호:  10.1.25.0
09-Jul-2024 09:22:42.874 INFO [main] org.apache.catalina.startup.VersionLoggerListener.log 운영체제 이름:     Windows 10
09-Jul-2024 09:22:42.875 INFO [main] org.apache.catalina.startup.VersionLoggerListener.log 운영체제 버전:     10.0
09-Jul-2024 09:22:42.876 INFO [main] org.apache.catalina.startup.VersionLoggerListener.log 아키텍처:          amd64
09-Jul-2024 09:22:42.881 INFO [main] org.apache.catalina.startup.VersionLoggerListener.log 자바 홈:           C:\Users\user\.jdks\graalvm-ce-17
09-Jul-2024 09:22:42.882 INFO [main] org.apache.catalina.startup.VersionLoggerListener.log JVM 버전:          17.0.6+10-jvmci-22.3-b13
09-Jul-2024 09:22:42.882 INFO [main] org.apache.catalina.startup.VersionLoggerListener.log JVM 벤더:          GraalVM Community
09-Jul-2024 09:22:42.883 INFO [main] org.apache.catalina.startup.VersionLoggerListener.log CATALINA_BASE:     C:\Study\Spring\Spring9-SpringBoot\tool\apache-tomcat-10.1.25
09-Jul-2024 09:22:42.883 INFO [main] org.apache.catalina.startup.VersionLoggerListener.log CATALINA_HOME:     C:\Study\Spring\Spring9-SpringBoot\tool\apache-tomcat-10.1.25
09-Jul-2024 09:22:42.965 INFO [main] org.apache.catalina.startup.VersionLoggerListener.log 명령 행 아규먼트:  -XX:ThreadPriorityPolicy=1
09-Jul-2024 09:22:43.117 INFO [main] org.apache.catalina.startup.VersionLoggerListener.log 명령 행 아규먼트:  -XX:+UnlockExperimentalVMOptions
09-Jul-2024 09:22:43.127 INFO [main] org.apache.catalina.startup.VersionLoggerListener.log 명령 행 아규먼트:  -XX:+EnableJVMCIProduct
09-Jul-2024 09:22:43.139 INFO [main] org.apache.catalina.startup.VersionLoggerListener.log 명령 행 아규먼트:  -XX:JVMCIThreadsPerNativeLibraryRuntime=1
09-Jul-2024 09:22:43.146 INFO [main] org.apache.catalina.startup.VersionLoggerListener.log 명령 행 아규먼트:  -XX:-UnlockExperimentalVMOptions
09-Jul-2024 09:22:43.182 INFO [main] org.apache.catalina.startup.VersionLoggerListener.log 명령 행 아규먼트:  -Djava.util.logging.config.file=C:\Study\Spring\Spring9-SpringBoot\tool\apache-tomcat-10.1.25\conf\logging.properties
09-Jul-2024 09:22:43.220 INFO [main] org.apache.catalina.startup.VersionLoggerListener.log 명령 행 아규먼트:  -Djava.util.logging.manager=org.apache.juli.ClassLoaderLogManager
09-Jul-2024 09:22:43.227 INFO [main] org.apache.catalina.startup.VersionLoggerListener.log 명령 행 아규먼트:  -Djdk.tls.ephemeralDHKeySize=2048
09-Jul-2024 09:22:43.229 INFO [main] org.apache.catalina.startup.VersionLoggerListener.log 명령 행 아규먼트:  -Djava.protocol.handler.pkgs=org.apache.catalina.webresources
09-Jul-2024 09:22:43.237 INFO [main] org.apache.catalina.startup.VersionLoggerListener.log 명령 행 아규먼트:  --add-opens=java.base/java.lang=ALL-UNNAMED
09-Jul-2024 09:22:43.242 INFO [main] org.apache.catalina.startup.VersionLoggerListener.log 명령 행 아규먼트:  --add-opens=java.base/java.io=ALL-UNNAMED
09-Jul-2024 09:22:43.254 INFO [main] org.apache.catalina.startup.VersionLoggerListener.log 명령 행 아규먼트:  --add-opens=java.base/java.util=ALL-UNNAMED
09-Jul-2024 09:22:43.261 INFO [main] org.apache.catalina.startup.VersionLoggerListener.log 명령 행 아규먼트:  --add-opens=java.base/java.util.concurrent=ALL-UNNAMED
09-Jul-2024 09:22:43.268 INFO [main] org.apache.catalina.startup.VersionLoggerListener.log 명령 행 아규먼트:  --add-opens=java.rmi/sun.rmi.transport=ALL-UNNAMED
09-Jul-2024 09:22:43.275 INFO [main] org.apache.catalina.startup.VersionLoggerListener.log 명령 행 아규먼트:  -Dcatalina.base=C:\Study\Spring\Spring9-SpringBoot\tool\apache-tomcat-10.1.25
09-Jul-2024 09:22:43.284 INFO [main] org.apache.catalina.startup.VersionLoggerListener.log 명령 행 아규먼트:  -Dcatalina.home=C:\Study\Spring\Spring9-SpringBoot\tool\apache-tomcat-10.1.25
09-Jul-2024 09:22:43.294 INFO [main] org.apache.catalina.startup.VersionLoggerListener.log 명령 행 아규먼트:  -Djava.io.tmpdir=C:\Study\Spring\Spring9-SpringBoot\tool\apache-tomcat-10.1.25\temp
09-Jul-2024 09:22:43.315 INFO [main] org.apache.catalina.core.AprLifecycleListener.lifecycleEvent APR 버전 [1.7.4]을(를) 사용한, APR 기반 Apache Tomcat Native 라이브러리 [2.0.7]을(를) 로드했습니다.
09-Jul-2024 09:22:43.407 INFO [main] org.apache.catalina.core.AprLifecycleListener.initializeSSL OpenSSL이 성공적으로 초기화되었습니다: [OpenSSL 3.0.13 30 Jan 2024]
09-Jul-2024 09:22:44.331 INFO [main] org.apache.coyote.AbstractProtocol.init 프로토콜 핸들러 ["http-nio-8080"]을(를) 초기화합니다.
09-Jul-2024 09:22:44.421 INFO [main] org.apache.catalina.startup.Catalina.load [2190] 밀리초 내에 서버가 초기화되었습니다.
09-Jul-2024 09:22:44.582 INFO [main] org.apache.catalina.core.StandardService.startInternal 서비스 [Catalina]을(를) 시작합니다.
09-Jul-2024 09:22:44.588 INFO [main] org.apache.catalina.core.StandardEngine.startInternal 서버 엔진을 시작합니다: [Apache Tomcat/10.1.25]
09-Jul-2024 09:22:44.632 INFO [main] org.apache.catalina.startup.HostConfig.deployDirectory 웹 애플리케이션 디렉토리 [C:\Study\Spring\Spring9-SpringBoot\tool\apache-tomcat-10.1.25\webapps\docs]을(를) 배치합니다.
09-Jul-2024 09:22:45.715 WARNING [main] org.apache.catalina.util.SessionIdGeneratorBase.createSecureRandom [SHA1PRNG] 알고리즘을 사용하여, 세션 ID를 생성하기 위한 SecureRandom 객체를 생성하는데, [133] 밀리초가 소요됐습니다.
09-Jul-2024 09:22:45.803 INFO [main] org.apache.catalina.startup.HostConfig.deployDirectory 웹 애플리케이션 디렉토리 [C:\Study\Spring\Spring9-SpringBoot\tool\apache-tomcat-10.1.25\webapps\docs]에 대한 배치가 [1,172] 밀리초에 완료되었습니다.
09-Jul-2024 09:22:45.809 INFO [main] org.apache.catalina.startup.HostConfig.deployDirectory 웹 애플리케이션 디렉토리 [C:\Study\Spring\Spring9-SpringBoot\tool\apache-tomcat-10.1.25\webapps\examples]을(를) 배치합니다.
09-Jul-2024 09:22:47.480 INFO [main] org.apache.catalina.startup.HostConfig.deployDirectory 웹 애플리케이션 디렉토리 [C:\Study\Spring\Spring9-SpringBoot\tool\apache-tomcat-10.1.25\webapps\examples]에 대한 배치가 [1,672] 밀리초에 완료되었습니다.
09-Jul-2024 09:22:47.488 INFO [main] org.apache.catalina.startup.HostConfig.deployDirectory 웹 애플리케이션 디렉토리 [C:\Study\Spring\Spring9-SpringBoot\tool\apache-tomcat-10.1.25\webapps\host-manager]을(를) 배치합니다.
09-Jul-2024 09:22:47.658 INFO [main] org.apache.catalina.startup.HostConfig.deployDirectory 웹 애플리케이션 디렉토리 [C:\Study\Spring\Spring9-SpringBoot\tool\apache-tomcat-10.1.25\webapps\host-manager]에 대한 배치가 [172] 밀리초에 완료되었습니다.
09-Jul-2024 09:22:47.668 INFO [main] org.apache.catalina.startup.HostConfig.deployDirectory 웹 애플리케이션 디렉토리 [C:\Study\Spring\Spring9-SpringBoot\tool\apache-tomcat-10.1.25\webapps\manager]을(를) 배치합니다.
09-Jul-2024 09:22:47.865 INFO [main] org.apache.catalina.startup.HostConfig.deployDirectory 웹 애플리케이션 디렉토리 [C:\Study\Spring\Spring9-SpringBoot\tool\apache-tomcat-10.1.25\webapps\manager]에 대한 배치가 [197] 밀리초에 완료되었습니다.
09-Jul-2024 09:22:47.875 INFO [main] org.apache.catalina.startup.HostConfig.deployDirectory 웹 애플리케이션 디렉토리 [C:\Study\Spring\Spring9-SpringBoot\tool\apache-tomcat-10.1.25\webapps\ROOT]을(를) 배치합니다.
09-Jul-2024 09:22:48.005 INFO [main] org.apache.catalina.startup.HostConfig.deployDirectory 웹 애플리케이션 디렉토리 [C:\Study\Spring\Spring9-SpringBoot\tool\apache-tomcat-10.1.25\webapps\ROOT]에 대한 배치가 [130] 밀리초에 완료되었습니다.
09-Jul-2024 09:22:48.030 INFO [main] org.apache.coyote.AbstractProtocol.start 프로토콜 핸들러 ["http-nio-8080"]을(를) 시작합니다.
09-Jul-2024 09:22:48.275 INFO [main] org.apache.catalina.startup.Catalina.start 서버가 [3844] 밀리초 내에 시작되었습니다.
